[12-Feb-2025 12:55:33 Europe/London] PHP Fatal error:  Uncaught mysqli_sql_exception: Unknown column 'z.id' in 'on clause' in C:\xampp\htdocs\MiniCAB-Controller\dashboard.php:33
Stack trace:
#0 C:\xampp\htdocs\MiniCAB-Controller\dashboard.php(33): mysqli->query('SELECT z.zone_n...')
#1 {main}
  thrown in C:\xampp\htdocs\MiniCAB-Controller\dashboard.php on line 33
[12-Feb-2025 13:04:19 Europe/London] PHP Fatal error:  Uncaught mysqli_sql_exception: Unknown column 'timestamp' in 'field list' in C:\xampp\htdocs\MiniCAB-Controller\dashboard.php:41
Stack trace:
#0 C:\xampp\htdocs\MiniCAB-Controller\dashboard.php(41): mysqli->query('SELECT dl.d_id,...')
#1 {main}
  thrown in C:\xampp\htdocs\MiniCAB-Controller\dashboard.php on line 41
[12-Feb-2025 13:04:20 Europe/London] PHP Fatal error:  Uncaught mysqli_sql_exception: Unknown column 'timestamp' in 'field list' in C:\xampp\htdocs\MiniCAB-Controller\dashboard.php:41
Stack trace:
#0 C:\xampp\htdocs\MiniCAB-Controller\dashboard.php(41): mysqli->query('SELECT dl.d_id,...')
#1 {main}
  thrown in C:\xampp\htdocs\MiniCAB-Controller\dashboard.php on line 41
[12-Feb-2025 13:04:21 Europe/London] PHP Fatal error:  Uncaught mysqli_sql_exception: Unknown column 'timestamp' in 'field list' in C:\xampp\htdocs\MiniCAB-Controller\dashboard.php:41
Stack trace:
#0 C:\xampp\htdocs\MiniCAB-Controller\dashboard.php(41): mysqli->query('SELECT dl.d_id,...')
#1 {main}
  thrown in C:\xampp\htdocs\MiniCAB-Controller\dashboard.php on line 41
[12-Feb-2025 13:04:53 Europe/London] PHP Warning:  Undefined array key "driver_id" in C:\xampp\htdocs\MiniCAB-Controller\dashboard.php on line 63
[12-Feb-2025 13:04:53 Europe/London] PHP Warning:  Undefined array key "driver_id" in C:\xampp\htdocs\MiniCAB-Controller\dashboard.php on line 63
[12-Feb-2025 13:04:53 Europe/London] PHP Warning:  Undefined array key "driver_id" in C:\xampp\htdocs\MiniCAB-Controller\dashboard.php on line 63
[12-Feb-2025 13:04:53 Europe/London] PHP Warning:  Undefined array key "driver_id" in C:\xampp\htdocs\MiniCAB-Controller\dashboard.php on line 63
[12-Feb-2025 13:04:53 Europe/London] PHP Warning:  Undefined array key "driver_id" in C:\xampp\htdocs\MiniCAB-Controller\dashboard.php on line 63
[12-Feb-2025 13:04:53 Europe/London] PHP Warning:  Undefined array key "driver_id" in C:\xampp\htdocs\MiniCAB-Controller\dashboard.php on line 63
[12-Feb-2025 13:04:53 Europe/London] PHP Warning:  Undefined array key "driver_id" in C:\xampp\htdocs\MiniCAB-Controller\dashboard.php on line 63
[12-Feb-2025 13:04:53 Europe/London] PHP Warning:  Undefined array key "driver_id" in C:\xampp\htdocs\MiniCAB-Controller\dashboard.php on line 63
[12-Feb-2025 13:04:53 Europe/London] PHP Warning:  Undefined array key "driver_id" in C:\xampp\htdocs\MiniCAB-Controller\dashboard.php on line 63
[12-Feb-2025 13:04:53 Europe/London] PHP Warning:  Undefined array key "driver_id" in C:\xampp\htdocs\MiniCAB-Controller\dashboard.php on line 63
[12-Feb-2025 13:08:01 Europe/London] PHP Warning:  Undefined array key "driver_id" in C:\xampp\htdocs\MiniCAB-Controller\dashboard.php on line 63
[12-Feb-2025 13:08:01 Europe/London] PHP Warning:  Undefined array key "driver_id" in C:\xampp\htdocs\MiniCAB-Controller\dashboard.php on line 63
[12-Feb-2025 13:08:01 Europe/London] PHP Warning:  Undefined array key "driver_id" in C:\xampp\htdocs\MiniCAB-Controller\dashboard.php on line 63
[12-Feb-2025 13:08:01 Europe/London] PHP Warning:  Undefined array key "driver_id" in C:\xampp\htdocs\MiniCAB-Controller\dashboard.php on line 63
[12-Feb-2025 13:08:01 Europe/London] PHP Warning:  Undefined array key "driver_id" in C:\xampp\htdocs\MiniCAB-Controller\dashboard.php on line 63
[12-Feb-2025 13:08:01 Europe/London] PHP Warning:  Undefined array key "driver_id" in C:\xampp\htdocs\MiniCAB-Controller\dashboard.php on line 63
[12-Feb-2025 13:08:01 Europe/London] PHP Warning:  Undefined array key "driver_id" in C:\xampp\htdocs\MiniCAB-Controller\dashboard.php on line 63
[12-Feb-2025 13:08:01 Europe/London] PHP Warning:  Undefined array key "driver_id" in C:\xampp\htdocs\MiniCAB-Controller\dashboard.php on line 63
[12-Feb-2025 13:08:01 Europe/London] PHP Warning:  Undefined array key "driver_id" in C:\xampp\htdocs\MiniCAB-Controller\dashboard.php on line 63
[12-Feb-2025 13:08:01 Europe/London] PHP Warning:  Undefined array key "driver_id" in C:\xampp\htdocs\MiniCAB-Controller\dashboard.php on line 63
[12-Feb-2025 13:09:48 Europe/London] PHP Warning:  Undefined array key "driver_id" in C:\xampp\htdocs\MiniCAB-Controller\dashboard.php on line 63
[12-Feb-2025 13:09:48 Europe/London] PHP Warning:  Undefined array key "driver_id" in C:\xampp\htdocs\MiniCAB-Controller\dashboard.php on line 63
[12-Feb-2025 13:09:48 Europe/London] PHP Warning:  Undefined array key "driver_id" in C:\xampp\htdocs\MiniCAB-Controller\dashboard.php on line 63
[12-Feb-2025 13:09:48 Europe/London] PHP Warning:  Undefined array key "driver_id" in C:\xampp\htdocs\MiniCAB-Controller\dashboard.php on line 63
[12-Feb-2025 13:09:48 Europe/London] PHP Warning:  Undefined array key "driver_id" in C:\xampp\htdocs\MiniCAB-Controller\dashboard.php on line 63
[12-Feb-2025 13:09:48 Europe/London] PHP Warning:  Undefined array key "driver_id" in C:\xampp\htdocs\MiniCAB-Controller\dashboard.php on line 63
[12-Feb-2025 13:09:48 Europe/London] PHP Warning:  Undefined array key "driver_id" in C:\xampp\htdocs\MiniCAB-Controller\dashboard.php on line 63
[12-Feb-2025 13:09:48 Europe/London] PHP Warning:  Undefined array key "driver_id" in C:\xampp\htdocs\MiniCAB-Controller\dashboard.php on line 63
[12-Feb-2025 13:09:48 Europe/London] PHP Warning:  Undefined array key "driver_id" in C:\xampp\htdocs\MiniCAB-Controller\dashboard.php on line 63
[12-Feb-2025 13:09:48 Europe/London] PHP Warning:  Undefined array key "driver_id" in C:\xampp\htdocs\MiniCAB-Controller\dashboard.php on line 63
[12-Feb-2025 13:17:58 Europe/London] PHP Warning:  Undefined array key "d_name" in C:\xampp\htdocs\MiniCAB-Controller\dashboard.php on line 63
[12-Feb-2025 13:17:58 Europe/London] PHP Warning:  Undefined array key "d_name" in C:\xampp\htdocs\MiniCAB-Controller\dashboard.php on line 63
[12-Feb-2025 13:17:58 Europe/London] PHP Warning:  Undefined array key "d_name" in C:\xampp\htdocs\MiniCAB-Controller\dashboard.php on line 63
[12-Feb-2025 13:17:58 Europe/London] PHP Warning:  Undefined array key "d_name" in C:\xampp\htdocs\MiniCAB-Controller\dashboard.php on line 63
[12-Feb-2025 13:17:58 Europe/London] PHP Warning:  Undefined array key "d_name" in C:\xampp\htdocs\MiniCAB-Controller\dashboard.php on line 63
[12-Feb-2025 13:17:58 Europe/London] PHP Warning:  Undefined array key "d_name" in C:\xampp\htdocs\MiniCAB-Controller\dashboard.php on line 63
[12-Feb-2025 13:17:58 Europe/London] PHP Warning:  Undefined array key "d_name" in C:\xampp\htdocs\MiniCAB-Controller\dashboard.php on line 63
[12-Feb-2025 13:17:58 Europe/London] PHP Warning:  Undefined array key "d_name" in C:\xampp\htdocs\MiniCAB-Controller\dashboard.php on line 63
[12-Feb-2025 13:17:58 Europe/London] PHP Warning:  Undefined array key "d_name" in C:\xampp\htdocs\MiniCAB-Controller\dashboard.php on line 63
[12-Feb-2025 13:17:58 Europe/London] PHP Warning:  Undefined array key "d_name" in C:\xampp\htdocs\MiniCAB-Controller\dashboard.php on line 63
