[01-Dec-2024 17:22:19 Europe/London] 
[01-Dec-2024 18:47:39 Europe/London] 
[01-Dec-2024 21:19:55 Europe/London] 
[01-Dec-2024 21:51:53 Europe/London] 
[01-Dec-2024 21:53:27 Europe/London] Array
(
    [d_id] => 00000002
    [d_name] => Azib Ahmed
    [d_email] => azibahmed@hotmail.co.uk
    [d_phone] => +447552834179
    [d_password] => asdf1234
    [d_address] => 
    [d_post_code] => 
    [d_pic] => 6743acef0fc1e_Screenshot_20241124_223950.jpg
    [d_gender] => Male
    [d_language] => 
    [licence_authority] => London
    [latitude] => 51.613323
    [longitude] => -0.1756053
    [status] => wtp
    [acount_status] => 1
    [signup_type] => 0
    [login_token] => 5374a67338eb8b4f17123f22f26ce7d1f3bfac41af430d4417f024ca54158642
    [driver_reg_date] => 2024-11-25 04:27:49
    [lb_img] => 6743ac21a1397.jpg
    [mot_img] => 6743ac2e33d47.jpg
    [vpco_img] => 6743ac3a1bc51.jpg
    [vi_img] => 6743ac4d2df13.jpg
    [vp_front] => 6743ac5b96eef.jpg
    [vp_back] => 6743ac5b96ef0.jpg
    [rt_img] => 6743ac6857db2.jpg
    [ra_img] => 6743ac899b0fd.jpg
    [is_img] => 6743ac982edf1.jpg
    [ve_img] => 6743aca11d526.jpg
)

[01-Dec-2024 21:57:33 Europe/London] Fields being checked: Array
(
    [d_id] => 00000002
    [d_name] => Azib Ahmed
    [d_email] => azibahmed@hotmail.co.uk
    [d_phone] => +447552834179
    [d_password] => asdf1234
    [d_address] => 
    [d_post_code] => 
    [d_pic] => 6743acef0fc1e_Screenshot_20241124_223950.jpg
    [d_gender] => Male
    [d_language] => 
    [licence_authority] => London
    [latitude] => 51.613323
    [longitude] => -0.1756053
    [status] => wtp
    [acount_status] => 1
    [signup_type] => 0
    [login_token] => 5374a67338eb8b4f17123f22f26ce7d1f3bfac41af430d4417f024ca54158642
    [driver_reg_date] => 2024-11-25 04:27:49
    [lb_img] => 6743ac21a1397.jpg
    [mot_img] => 6743ac2e33d47.jpg
    [vpco_img] => 6743ac3a1bc51.jpg
    [vi_img] => 6743ac4d2df13.jpg
    [vp_front] => 6743ac5b96eef.jpg
    [vp_back] => 6743ac5b96ef0.jpg
    [rt_img] => 6743ac6857db2.jpg
    [ra_img] => 6743ac899b0fd.jpg
    [is_img] => 6743ac982edf1.jpg
    [ve_img] => 6743aca11d526.jpg
)

[01-Dec-2024 21:57:33 Europe/London] All fields empty: No
[01-Dec-2024 21:57:42 Europe/London] Fields being checked: Array
(
    [d_id] => 00000003
    [d_name] => shary
    [d_email] => sharyjagga18@gmail.com
    [d_phone] => +443211783119
    [d_password] => 12345678
    [d_address] => 
    [d_post_code] => 
    [d_pic] => 
    [d_gender] => 
    [d_language] => 
    [licence_authority] => West Midlands
    [latitude] => 31.3782758
    [longitude] => 73.0561876
    [status] => On Ride
    [acount_status] => 0
    [signup_type] => 0
    [login_token] => dd28f66de6a183e73a2cfb8e495e8e8ba88e815dbe3fa5f43138928af291a5f0
    [driver_reg_date] => 2024-12-01 21:49:14
    [lb_img] => 674ade70c5da1.png
    [mot_img] => 674ade7ff371a.png
    [vpco_img] => 674ade8e073b9.png
    [vi_img] => 674adf7ea519e.jpg
    [vp_front] => 674adf265f2e6.jpg
    [vp_back] => 674adf265f2e6.jpg
    [rt_img] => 674adf40d5355.jpg
    [ra_img] => 674adf53b6941.jpg
    [is_img] => 674adf6a40592.jpg
    [ve_img] => 
)

[01-Dec-2024 21:57:42 Europe/London] All fields empty: No
[01-Dec-2024 22:00:25 Europe/London] Fields being checked: Array
(
    [d_id] => 00000003
    [d_name] => shary
    [d_email] => sharyjagga18@gmail.com
    [d_phone] => +443211783119
    [d_password] => 12345678
    [d_address] => 
    [d_post_code] => 
    [d_pic] => 
    [d_gender] => 
    [d_language] => 
    [licence_authority] => West Midlands
    [latitude] => 31.3782758
    [longitude] => 73.0561876
    [status] => online
    [acount_status] => 0
    [signup_type] => 0
    [login_token] => dd28f66de6a183e73a2cfb8e495e8e8ba88e815dbe3fa5f43138928af291a5f0
    [driver_reg_date] => 2024-12-02 02:57:42
    [lb_img] => 674ade70c5da1.png
    [mot_img] => 674ade7ff371a.png
    [vpco_img] => 674ade8e073b9.png
    [vi_img] => 674adf7ea519e.jpg
    [vp_front] => 674adf265f2e6.jpg
    [vp_back] => 674adf265f2e6.jpg
    [rt_img] => 674adf40d5355.jpg
    [ra_img] => 674adf53b6941.jpg
    [is_img] => 674adf6a40592.jpg
    [ve_img] => 
)

[01-Dec-2024 22:00:25 Europe/London] All fields empty: No
[01-Dec-2024 22:01:08 Europe/London] Fields being checked: Array
(
    [d_id] => 00000003
    [d_name] => shary
    [d_email] => sharyjagga18@gmail.com
    [d_phone] => +443211783119
    [d_password] => 12345678
    [d_address] => 
    [d_post_code] => 
    [d_pic] => 
    [d_gender] => 
    [d_language] => 
    [licence_authority] => West Midlands
    [latitude] => 31.3782758
    [longitude] => 73.0561876
    [status] => 
    [acount_status] => 0
    [signup_type] => 0
    [login_token] => dd28f66de6a183e73a2cfb8e495e8e8ba88e815dbe3fa5f43138928af291a5f0
    [driver_reg_date] => 2024-12-02 03:01:03
    [lb_img] => 674ade70c5da1.png
    [mot_img] => 674ade7ff371a.png
    [vpco_img] => 674ade8e073b9.png
    [vi_img] => 674adf7ea519e.jpg
    [vp_front] => 674adf265f2e6.jpg
    [vp_back] => 674adf265f2e6.jpg
    [rt_img] => 674adf40d5355.jpg
    [ra_img] => 674adf53b6941.jpg
    [is_img] => 674adf6a40592.jpg
    [ve_img] => 
)

[01-Dec-2024 22:01:08 Europe/London] All fields empty: No
