[27-Oct-2025 09:39:51 Europe/London] PHP Fatal error:  Uncaught mysqli_sql_exception: Unknown column 'dl_expiry_time' in 'field list' in C:\xampp\htdocs\MiniCAB-Controller\includes\check_expiry_alerts.php:29
Stack trace:
#0 C:\xampp\htdocs\MiniCAB-Controller\includes\check_expiry_alerts.php(29): mysqli_query(Object(mysqli), '\r\n            S...')
#1 C:\xampp\htdocs\MiniCAB-Controller\includes\check_expiry_alerts.php(49): checkExpiringDocuments(Object(mysqli))
#2 {main}
  thrown in C:\xampp\htdocs\MiniCAB-Controller\includes\check_expiry_alerts.php on line 29
[27-Oct-2025 09:40:01 Europe/London] PHP Fatal error:  Uncaught mysqli_sql_exception: Unknown column 'dl_expiry_time' in 'field list' in C:\xampp\htdocs\MiniCAB-Controller\includes\check_expiry_alerts.php:29
Stack trace:
#0 C:\xampp\htdocs\MiniCAB-Controller\includes\check_expiry_alerts.php(29): mysqli_query(Object(mysqli), '\r\n            S...')
#1 C:\xampp\htdocs\MiniCAB-Controller\includes\check_expiry_alerts.php(49): checkExpiringDocuments(Object(mysqli))
#2 {main}
  thrown in C:\xampp\htdocs\MiniCAB-Controller\includes\check_expiry_alerts.php on line 29
[27-Oct-2025 09:40:11 Europe/London] PHP Fatal error:  Uncaught mysqli_sql_exception: Unknown column 'dl_expiry_time' in 'field list' in C:\xampp\htdocs\MiniCAB-Controller\includes\check_expiry_alerts.php:29
Stack trace:
#0 C:\xampp\htdocs\MiniCAB-Controller\includes\check_expiry_alerts.php(29): mysqli_query(Object(mysqli), '\r\n            S...')
#1 C:\xampp\htdocs\MiniCAB-Controller\includes\check_expiry_alerts.php(49): checkExpiringDocuments(Object(mysqli))
#2 {main}
  thrown in C:\xampp\htdocs\MiniCAB-Controller\includes\check_expiry_alerts.php on line 29
[27-Oct-2025 09:40:21 Europe/London] PHP Fatal error:  Uncaught mysqli_sql_exception: Unknown column 'dl_expiry_time' in 'field list' in C:\xampp\htdocs\MiniCAB-Controller\includes\check_expiry_alerts.php:29
Stack trace:
#0 C:\xampp\htdocs\MiniCAB-Controller\includes\check_expiry_alerts.php(29): mysqli_query(Object(mysqli), '\r\n            S...')
#1 C:\xampp\htdocs\MiniCAB-Controller\includes\check_expiry_alerts.php(49): checkExpiringDocuments(Object(mysqli))
#2 {main}
  thrown in C:\xampp\htdocs\MiniCAB-Controller\includes\check_expiry_alerts.php on line 29
[27-Oct-2025 09:40:31 Europe/London] PHP Fatal error:  Uncaught mysqli_sql_exception: Unknown column 'dl_expiry_time' in 'field list' in C:\xampp\htdocs\MiniCAB-Controller\includes\check_expiry_alerts.php:29
Stack trace:
#0 C:\xampp\htdocs\MiniCAB-Controller\includes\check_expiry_alerts.php(29): mysqli_query(Object(mysqli), '\r\n            S...')
#1 C:\xampp\htdocs\MiniCAB-Controller\includes\check_expiry_alerts.php(49): checkExpiringDocuments(Object(mysqli))
#2 {main}
  thrown in C:\xampp\htdocs\MiniCAB-Controller\includes\check_expiry_alerts.php on line 29
[27-Oct-2025 09:40:41 Europe/London] PHP Fatal error:  Uncaught mysqli_sql_exception: Unknown column 'dl_expiry_time' in 'field list' in C:\xampp\htdocs\MiniCAB-Controller\includes\check_expiry_alerts.php:29
Stack trace:
#0 C:\xampp\htdocs\MiniCAB-Controller\includes\check_expiry_alerts.php(29): mysqli_query(Object(mysqli), '\r\n            S...')
#1 C:\xampp\htdocs\MiniCAB-Controller\includes\check_expiry_alerts.php(49): checkExpiringDocuments(Object(mysqli))
#2 {main}
  thrown in C:\xampp\htdocs\MiniCAB-Controller\includes\check_expiry_alerts.php on line 29
[27-Oct-2025 09:40:51 Europe/London] PHP Fatal error:  Uncaught mysqli_sql_exception: Unknown column 'dl_expiry_time' in 'field list' in C:\xampp\htdocs\MiniCAB-Controller\includes\check_expiry_alerts.php:29
Stack trace:
#0 C:\xampp\htdocs\MiniCAB-Controller\includes\check_expiry_alerts.php(29): mysqli_query(Object(mysqli), '\r\n            S...')
#1 C:\xampp\htdocs\MiniCAB-Controller\includes\check_expiry_alerts.php(49): checkExpiringDocuments(Object(mysqli))
#2 {main}
  thrown in C:\xampp\htdocs\MiniCAB-Controller\includes\check_expiry_alerts.php on line 29
[27-Oct-2025 09:41:01 Europe/London] PHP Fatal error:  Uncaught mysqli_sql_exception: Unknown column 'dl_expiry_time' in 'field list' in C:\xampp\htdocs\MiniCAB-Controller\includes\check_expiry_alerts.php:29
Stack trace:
#0 C:\xampp\htdocs\MiniCAB-Controller\includes\check_expiry_alerts.php(29): mysqli_query(Object(mysqli), '\r\n            S...')
#1 C:\xampp\htdocs\MiniCAB-Controller\includes\check_expiry_alerts.php(49): checkExpiringDocuments(Object(mysqli))
#2 {main}
  thrown in C:\xampp\htdocs\MiniCAB-Controller\includes\check_expiry_alerts.php on line 29
[27-Oct-2025 09:41:40 Europe/London] PHP Fatal error:  Uncaught mysqli_sql_exception: Unknown column 'dl_expiry_time' in 'field list' in C:\xampp\htdocs\MiniCAB-Controller\includes\check_expiry_alerts.php:29
Stack trace:
#0 C:\xampp\htdocs\MiniCAB-Controller\includes\check_expiry_alerts.php(29): mysqli_query(Object(mysqli), '\r\n            S...')
#1 C:\xampp\htdocs\MiniCAB-Controller\includes\check_expiry_alerts.php(49): checkExpiringDocuments(Object(mysqli))
#2 {main}
  thrown in C:\xampp\htdocs\MiniCAB-Controller\includes\check_expiry_alerts.php on line 29
[27-Oct-2025 09:42:40 Europe/London] PHP Fatal error:  Uncaught mysqli_sql_exception: Unknown column 'dl_expiry_time' in 'field list' in C:\xampp\htdocs\MiniCAB-Controller\includes\check_expiry_alerts.php:29
Stack trace:
#0 C:\xampp\htdocs\MiniCAB-Controller\includes\check_expiry_alerts.php(29): mysqli_query(Object(mysqli), '\r\n            S...')
#1 C:\xampp\htdocs\MiniCAB-Controller\includes\check_expiry_alerts.php(49): checkExpiringDocuments(Object(mysqli))
#2 {main}
  thrown in C:\xampp\htdocs\MiniCAB-Controller\includes\check_expiry_alerts.php on line 29
[27-Oct-2025 09:43:40 Europe/London] PHP Fatal error:  Uncaught mysqli_sql_exception: Unknown column 'dl_expiry_time' in 'field list' in C:\xampp\htdocs\MiniCAB-Controller\includes\check_expiry_alerts.php:29
Stack trace:
#0 C:\xampp\htdocs\MiniCAB-Controller\includes\check_expiry_alerts.php(29): mysqli_query(Object(mysqli), '\r\n            S...')
#1 C:\xampp\htdocs\MiniCAB-Controller\includes\check_expiry_alerts.php(49): checkExpiringDocuments(Object(mysqli))
#2 {main}
  thrown in C:\xampp\htdocs\MiniCAB-Controller\includes\check_expiry_alerts.php on line 29
[27-Oct-2025 09:44:40 Europe/London] PHP Fatal error:  Uncaught mysqli_sql_exception: Unknown column 'dl_expiry_time' in 'field list' in C:\xampp\htdocs\MiniCAB-Controller\includes\check_expiry_alerts.php:29
Stack trace:
#0 C:\xampp\htdocs\MiniCAB-Controller\includes\check_expiry_alerts.php(29): mysqli_query(Object(mysqli), '\r\n            S...')
#1 C:\xampp\htdocs\MiniCAB-Controller\includes\check_expiry_alerts.php(49): checkExpiringDocuments(Object(mysqli))
#2 {main}
  thrown in C:\xampp\htdocs\MiniCAB-Controller\includes\check_expiry_alerts.php on line 29
[27-Oct-2025 09:45:40 Europe/London] PHP Fatal error:  Uncaught mysqli_sql_exception: Unknown column 'dl_expiry_time' in 'field list' in C:\xampp\htdocs\MiniCAB-Controller\includes\check_expiry_alerts.php:29
Stack trace:
#0 C:\xampp\htdocs\MiniCAB-Controller\includes\check_expiry_alerts.php(29): mysqli_query(Object(mysqli), '\r\n            S...')
#1 C:\xampp\htdocs\MiniCAB-Controller\includes\check_expiry_alerts.php(49): checkExpiringDocuments(Object(mysqli))
#2 {main}
  thrown in C:\xampp\htdocs\MiniCAB-Controller\includes\check_expiry_alerts.php on line 29
[27-Oct-2025 09:46:40 Europe/London] PHP Fatal error:  Uncaught mysqli_sql_exception: Unknown column 'dl_expiry_time' in 'field list' in C:\xampp\htdocs\MiniCAB-Controller\includes\check_expiry_alerts.php:29
Stack trace:
#0 C:\xampp\htdocs\MiniCAB-Controller\includes\check_expiry_alerts.php(29): mysqli_query(Object(mysqli), '\r\n            S...')
#1 C:\xampp\htdocs\MiniCAB-Controller\includes\check_expiry_alerts.php(49): checkExpiringDocuments(Object(mysqli))
#2 {main}
  thrown in C:\xampp\htdocs\MiniCAB-Controller\includes\check_expiry_alerts.php on line 29
[27-Oct-2025 09:47:40 Europe/London] PHP Fatal error:  Uncaught mysqli_sql_exception: Unknown column 'dl_expiry_time' in 'field list' in C:\xampp\htdocs\MiniCAB-Controller\includes\check_expiry_alerts.php:29
Stack trace:
#0 C:\xampp\htdocs\MiniCAB-Controller\includes\check_expiry_alerts.php(29): mysqli_query(Object(mysqli), '\r\n            S...')
#1 C:\xampp\htdocs\MiniCAB-Controller\includes\check_expiry_alerts.php(49): checkExpiringDocuments(Object(mysqli))
#2 {main}
  thrown in C:\xampp\htdocs\MiniCAB-Controller\includes\check_expiry_alerts.php on line 29
[27-Oct-2025 09:47:50 Europe/London] PHP Fatal error:  Uncaught mysqli_sql_exception: Unknown column 'dl_expiry_time' in 'field list' in C:\xampp\htdocs\MiniCAB-Controller\includes\check_expiry_alerts.php:29
Stack trace:
#0 C:\xampp\htdocs\MiniCAB-Controller\includes\check_expiry_alerts.php(29): mysqli_query(Object(mysqli), '\r\n            S...')
#1 C:\xampp\htdocs\MiniCAB-Controller\includes\check_expiry_alerts.php(49): checkExpiringDocuments(Object(mysqli))
#2 {main}
  thrown in C:\xampp\htdocs\MiniCAB-Controller\includes\check_expiry_alerts.php on line 29
[27-Oct-2025 09:47:51 Europe/London] PHP Fatal error:  Uncaught mysqli_sql_exception: Unknown column 'dl_expiry_time' in 'field list' in C:\xampp\htdocs\MiniCAB-Controller\includes\check_expiry_alerts.php:29
Stack trace:
#0 C:\xampp\htdocs\MiniCAB-Controller\includes\check_expiry_alerts.php(29): mysqli_query(Object(mysqli), '\r\n            S...')
#1 C:\xampp\htdocs\MiniCAB-Controller\includes\check_expiry_alerts.php(49): checkExpiringDocuments(Object(mysqli))
#2 {main}
  thrown in C:\xampp\htdocs\MiniCAB-Controller\includes\check_expiry_alerts.php on line 29
[27-Oct-2025 09:47:58 Europe/London] PHP Fatal error:  Uncaught mysqli_sql_exception: Unknown column 'dl_expiry_time' in 'field list' in C:\xampp\htdocs\MiniCAB-Controller\includes\check_expiry_alerts.php:29
Stack trace:
#0 C:\xampp\htdocs\MiniCAB-Controller\includes\check_expiry_alerts.php(29): mysqli_query(Object(mysqli), '\r\n            S...')
#1 C:\xampp\htdocs\MiniCAB-Controller\includes\check_expiry_alerts.php(49): checkExpiringDocuments(Object(mysqli))
#2 {main}
  thrown in C:\xampp\htdocs\MiniCAB-Controller\includes\check_expiry_alerts.php on line 29
[27-Oct-2025 09:48:09 Europe/London] PHP Fatal error:  Uncaught mysqli_sql_exception: Unknown column 'dl_expiry_time' in 'field list' in C:\xampp\htdocs\MiniCAB-Controller\includes\check_expiry_alerts.php:29
Stack trace:
#0 C:\xampp\htdocs\MiniCAB-Controller\includes\check_expiry_alerts.php(29): mysqli_query(Object(mysqli), '\r\n            S...')
#1 C:\xampp\htdocs\MiniCAB-Controller\includes\check_expiry_alerts.php(49): checkExpiringDocuments(Object(mysqli))
#2 {main}
  thrown in C:\xampp\htdocs\MiniCAB-Controller\includes\check_expiry_alerts.php on line 29
[27-Oct-2025 09:48:19 Europe/London] PHP Fatal error:  Uncaught mysqli_sql_exception: Unknown column 'dl_expiry_time' in 'field list' in C:\xampp\htdocs\MiniCAB-Controller\includes\check_expiry_alerts.php:29
Stack trace:
#0 C:\xampp\htdocs\MiniCAB-Controller\includes\check_expiry_alerts.php(29): mysqli_query(Object(mysqli), '\r\n            S...')
#1 C:\xampp\htdocs\MiniCAB-Controller\includes\check_expiry_alerts.php(49): checkExpiringDocuments(Object(mysqli))
#2 {main}
  thrown in C:\xampp\htdocs\MiniCAB-Controller\includes\check_expiry_alerts.php on line 29
[27-Oct-2025 09:48:26 Europe/London] PHP Fatal error:  Uncaught mysqli_sql_exception: Unknown column 'dl_expiry_time' in 'field list' in C:\xampp\htdocs\MiniCAB-Controller\includes\check_expiry_alerts.php:29
Stack trace:
#0 C:\xampp\htdocs\MiniCAB-Controller\includes\check_expiry_alerts.php(29): mysqli_query(Object(mysqli), '\r\n            S...')
#1 C:\xampp\htdocs\MiniCAB-Controller\includes\check_expiry_alerts.php(49): checkExpiringDocuments(Object(mysqli))
#2 {main}
  thrown in C:\xampp\htdocs\MiniCAB-Controller\includes\check_expiry_alerts.php on line 29
[27-Oct-2025 09:48:36 Europe/London] PHP Fatal error:  Uncaught mysqli_sql_exception: Unknown column 'dl_expiry_time' in 'field list' in C:\xampp\htdocs\MiniCAB-Controller\includes\check_expiry_alerts.php:29
Stack trace:
#0 C:\xampp\htdocs\MiniCAB-Controller\includes\check_expiry_alerts.php(29): mysqli_query(Object(mysqli), '\r\n            S...')
#1 C:\xampp\htdocs\MiniCAB-Controller\includes\check_expiry_alerts.php(49): checkExpiringDocuments(Object(mysqli))
#2 {main}
  thrown in C:\xampp\htdocs\MiniCAB-Controller\includes\check_expiry_alerts.php on line 29
[27-Oct-2025 09:48:46 Europe/London] PHP Fatal error:  Uncaught mysqli_sql_exception: Unknown column 'dl_expiry_time' in 'field list' in C:\xampp\htdocs\MiniCAB-Controller\includes\check_expiry_alerts.php:29
Stack trace:
#0 C:\xampp\htdocs\MiniCAB-Controller\includes\check_expiry_alerts.php(29): mysqli_query(Object(mysqli), '\r\n            S...')
#1 C:\xampp\htdocs\MiniCAB-Controller\includes\check_expiry_alerts.php(49): checkExpiringDocuments(Object(mysqli))
#2 {main}
  thrown in C:\xampp\htdocs\MiniCAB-Controller\includes\check_expiry_alerts.php on line 29
[27-Oct-2025 09:48:56 Europe/London] PHP Fatal error:  Uncaught mysqli_sql_exception: Unknown column 'dl_expiry_time' in 'field list' in C:\xampp\htdocs\MiniCAB-Controller\includes\check_expiry_alerts.php:29
Stack trace:
#0 C:\xampp\htdocs\MiniCAB-Controller\includes\check_expiry_alerts.php(29): mysqli_query(Object(mysqli), '\r\n            S...')
#1 C:\xampp\htdocs\MiniCAB-Controller\includes\check_expiry_alerts.php(49): checkExpiringDocuments(Object(mysqli))
#2 {main}
  thrown in C:\xampp\htdocs\MiniCAB-Controller\includes\check_expiry_alerts.php on line 29
[27-Oct-2025 09:49:06 Europe/London] PHP Fatal error:  Uncaught mysqli_sql_exception: Unknown column 'dl_expiry_time' in 'field list' in C:\xampp\htdocs\MiniCAB-Controller\includes\check_expiry_alerts.php:29
Stack trace:
#0 C:\xampp\htdocs\MiniCAB-Controller\includes\check_expiry_alerts.php(29): mysqli_query(Object(mysqli), '\r\n            S...')
#1 C:\xampp\htdocs\MiniCAB-Controller\includes\check_expiry_alerts.php(49): checkExpiringDocuments(Object(mysqli))
#2 {main}
  thrown in C:\xampp\htdocs\MiniCAB-Controller\includes\check_expiry_alerts.php on line 29
[27-Oct-2025 09:49:16 Europe/London] PHP Fatal error:  Uncaught mysqli_sql_exception: Unknown column 'dl_expiry_time' in 'field list' in C:\xampp\htdocs\MiniCAB-Controller\includes\check_expiry_alerts.php:29
Stack trace:
#0 C:\xampp\htdocs\MiniCAB-Controller\includes\check_expiry_alerts.php(29): mysqli_query(Object(mysqli), '\r\n            S...')
#1 C:\xampp\htdocs\MiniCAB-Controller\includes\check_expiry_alerts.php(49): checkExpiringDocuments(Object(mysqli))
#2 {main}
  thrown in C:\xampp\htdocs\MiniCAB-Controller\includes\check_expiry_alerts.php on line 29
[27-Oct-2025 09:49:26 Europe/London] PHP Fatal error:  Uncaught mysqli_sql_exception: Unknown column 'dl_expiry_time' in 'field list' in C:\xampp\htdocs\MiniCAB-Controller\includes\check_expiry_alerts.php:29
Stack trace:
#0 C:\xampp\htdocs\MiniCAB-Controller\includes\check_expiry_alerts.php(29): mysqli_query(Object(mysqli), '\r\n            S...')
#1 C:\xampp\htdocs\MiniCAB-Controller\includes\check_expiry_alerts.php(49): checkExpiringDocuments(Object(mysqli))
#2 {main}
  thrown in C:\xampp\htdocs\MiniCAB-Controller\includes\check_expiry_alerts.php on line 29
[27-Oct-2025 09:49:36 Europe/London] PHP Fatal error:  Uncaught mysqli_sql_exception: Unknown column 'dl_expiry_time' in 'field list' in C:\xampp\htdocs\MiniCAB-Controller\includes\check_expiry_alerts.php:29
Stack trace:
#0 C:\xampp\htdocs\MiniCAB-Controller\includes\check_expiry_alerts.php(29): mysqli_query(Object(mysqli), '\r\n            S...')
#1 C:\xampp\htdocs\MiniCAB-Controller\includes\check_expiry_alerts.php(49): checkExpiringDocuments(Object(mysqli))
#2 {main}
  thrown in C:\xampp\htdocs\MiniCAB-Controller\includes\check_expiry_alerts.php on line 29
[27-Oct-2025 09:49:46 Europe/London] PHP Fatal error:  Uncaught mysqli_sql_exception: Unknown column 'dl_expiry_time' in 'field list' in C:\xampp\htdocs\MiniCAB-Controller\includes\check_expiry_alerts.php:29
Stack trace:
#0 C:\xampp\htdocs\MiniCAB-Controller\includes\check_expiry_alerts.php(29): mysqli_query(Object(mysqli), '\r\n            S...')
#1 C:\xampp\htdocs\MiniCAB-Controller\includes\check_expiry_alerts.php(49): checkExpiringDocuments(Object(mysqli))
#2 {main}
  thrown in C:\xampp\htdocs\MiniCAB-Controller\includes\check_expiry_alerts.php on line 29
[27-Oct-2025 09:49:56 Europe/London] PHP Fatal error:  Uncaught mysqli_sql_exception: Unknown column 'dl_expiry_time' in 'field list' in C:\xampp\htdocs\MiniCAB-Controller\includes\check_expiry_alerts.php:29
Stack trace:
#0 C:\xampp\htdocs\MiniCAB-Controller\includes\check_expiry_alerts.php(29): mysqli_query(Object(mysqli), '\r\n            S...')
#1 C:\xampp\htdocs\MiniCAB-Controller\includes\check_expiry_alerts.php(49): checkExpiringDocuments(Object(mysqli))
#2 {main}
  thrown in C:\xampp\htdocs\MiniCAB-Controller\includes\check_expiry_alerts.php on line 29
[27-Oct-2025 09:50:06 Europe/London] PHP Fatal error:  Uncaught mysqli_sql_exception: Unknown column 'dl_expiry_time' in 'field list' in C:\xampp\htdocs\MiniCAB-Controller\includes\check_expiry_alerts.php:29
Stack trace:
#0 C:\xampp\htdocs\MiniCAB-Controller\includes\check_expiry_alerts.php(29): mysqli_query(Object(mysqli), '\r\n            S...')
#1 C:\xampp\htdocs\MiniCAB-Controller\includes\check_expiry_alerts.php(49): checkExpiringDocuments(Object(mysqli))
#2 {main}
  thrown in C:\xampp\htdocs\MiniCAB-Controller\includes\check_expiry_alerts.php on line 29
[27-Oct-2025 09:50:16 Europe/London] PHP Fatal error:  Uncaught mysqli_sql_exception: Unknown column 'dl_expiry_time' in 'field list' in C:\xampp\htdocs\MiniCAB-Controller\includes\check_expiry_alerts.php:29
Stack trace:
#0 C:\xampp\htdocs\MiniCAB-Controller\includes\check_expiry_alerts.php(29): mysqli_query(Object(mysqli), '\r\n            S...')
#1 C:\xampp\htdocs\MiniCAB-Controller\includes\check_expiry_alerts.php(49): checkExpiringDocuments(Object(mysqli))
#2 {main}
  thrown in C:\xampp\htdocs\MiniCAB-Controller\includes\check_expiry_alerts.php on line 29
[27-Oct-2025 09:50:26 Europe/London] PHP Fatal error:  Uncaught mysqli_sql_exception: Unknown column 'dl_expiry_time' in 'field list' in C:\xampp\htdocs\MiniCAB-Controller\includes\check_expiry_alerts.php:29
Stack trace:
#0 C:\xampp\htdocs\MiniCAB-Controller\includes\check_expiry_alerts.php(29): mysqli_query(Object(mysqli), '\r\n            S...')
#1 C:\xampp\htdocs\MiniCAB-Controller\includes\check_expiry_alerts.php(49): checkExpiringDocuments(Object(mysqli))
#2 {main}
  thrown in C:\xampp\htdocs\MiniCAB-Controller\includes\check_expiry_alerts.php on line 29
[27-Oct-2025 09:50:36 Europe/London] PHP Fatal error:  Uncaught mysqli_sql_exception: Unknown column 'dl_expiry_time' in 'field list' in C:\xampp\htdocs\MiniCAB-Controller\includes\check_expiry_alerts.php:29
Stack trace:
#0 C:\xampp\htdocs\MiniCAB-Controller\includes\check_expiry_alerts.php(29): mysqli_query(Object(mysqli), '\r\n            S...')
#1 C:\xampp\htdocs\MiniCAB-Controller\includes\check_expiry_alerts.php(49): checkExpiringDocuments(Object(mysqli))
#2 {main}
  thrown in C:\xampp\htdocs\MiniCAB-Controller\includes\check_expiry_alerts.php on line 29
[27-Oct-2025 09:50:46 Europe/London] PHP Fatal error:  Uncaught mysqli_sql_exception: Unknown column 'dl_expiry_time' in 'field list' in C:\xampp\htdocs\MiniCAB-Controller\includes\check_expiry_alerts.php:29
Stack trace:
#0 C:\xampp\htdocs\MiniCAB-Controller\includes\check_expiry_alerts.php(29): mysqli_query(Object(mysqli), '\r\n            S...')
#1 C:\xampp\htdocs\MiniCAB-Controller\includes\check_expiry_alerts.php(49): checkExpiringDocuments(Object(mysqli))
#2 {main}
  thrown in C:\xampp\htdocs\MiniCAB-Controller\includes\check_expiry_alerts.php on line 29
[27-Oct-2025 09:50:56 Europe/London] PHP Fatal error:  Uncaught mysqli_sql_exception: Unknown column 'dl_expiry_time' in 'field list' in C:\xampp\htdocs\MiniCAB-Controller\includes\check_expiry_alerts.php:29
Stack trace:
#0 C:\xampp\htdocs\MiniCAB-Controller\includes\check_expiry_alerts.php(29): mysqli_query(Object(mysqli), '\r\n            S...')
#1 C:\xampp\htdocs\MiniCAB-Controller\includes\check_expiry_alerts.php(49): checkExpiringDocuments(Object(mysqli))
#2 {main}
  thrown in C:\xampp\htdocs\MiniCAB-Controller\includes\check_expiry_alerts.php on line 29
[27-Oct-2025 09:51:06 Europe/London] PHP Fatal error:  Uncaught mysqli_sql_exception: Unknown column 'dl_expiry_time' in 'field list' in C:\xampp\htdocs\MiniCAB-Controller\includes\check_expiry_alerts.php:29
Stack trace:
#0 C:\xampp\htdocs\MiniCAB-Controller\includes\check_expiry_alerts.php(29): mysqli_query(Object(mysqli), '\r\n            S...')
#1 C:\xampp\htdocs\MiniCAB-Controller\includes\check_expiry_alerts.php(49): checkExpiringDocuments(Object(mysqli))
#2 {main}
  thrown in C:\xampp\htdocs\MiniCAB-Controller\includes\check_expiry_alerts.php on line 29
[27-Oct-2025 09:51:16 Europe/London] PHP Fatal error:  Uncaught mysqli_sql_exception: Unknown column 'dl_expiry_time' in 'field list' in C:\xampp\htdocs\MiniCAB-Controller\includes\check_expiry_alerts.php:29
Stack trace:
#0 C:\xampp\htdocs\MiniCAB-Controller\includes\check_expiry_alerts.php(29): mysqli_query(Object(mysqli), '\r\n            S...')
#1 C:\xampp\htdocs\MiniCAB-Controller\includes\check_expiry_alerts.php(49): checkExpiringDocuments(Object(mysqli))
#2 {main}
  thrown in C:\xampp\htdocs\MiniCAB-Controller\includes\check_expiry_alerts.php on line 29
[27-Oct-2025 09:51:40 Europe/London] PHP Fatal error:  Uncaught mysqli_sql_exception: Unknown column 'dl_expiry_time' in 'field list' in C:\xampp\htdocs\MiniCAB-Controller\includes\check_expiry_alerts.php:29
Stack trace:
#0 C:\xampp\htdocs\MiniCAB-Controller\includes\check_expiry_alerts.php(29): mysqli_query(Object(mysqli), '\r\n            S...')
#1 C:\xampp\htdocs\MiniCAB-Controller\includes\check_expiry_alerts.php(49): checkExpiringDocuments(Object(mysqli))
#2 {main}
  thrown in C:\xampp\htdocs\MiniCAB-Controller\includes\check_expiry_alerts.php on line 29
[27-Oct-2025 09:52:40 Europe/London] PHP Fatal error:  Uncaught mysqli_sql_exception: Unknown column 'dl_expiry_time' in 'field list' in C:\xampp\htdocs\MiniCAB-Controller\includes\check_expiry_alerts.php:29
Stack trace:
#0 C:\xampp\htdocs\MiniCAB-Controller\includes\check_expiry_alerts.php(29): mysqli_query(Object(mysqli), '\r\n            S...')
#1 C:\xampp\htdocs\MiniCAB-Controller\includes\check_expiry_alerts.php(49): checkExpiringDocuments(Object(mysqli))
#2 {main}
  thrown in C:\xampp\htdocs\MiniCAB-Controller\includes\check_expiry_alerts.php on line 29
[27-Oct-2025 09:52:53 Europe/London] PHP Fatal error:  Uncaught mysqli_sql_exception: Unknown column 'dl_expiry_time' in 'field list' in C:\xampp\htdocs\MiniCAB-Controller\includes\check_expiry_alerts.php:29
Stack trace:
#0 C:\xampp\htdocs\MiniCAB-Controller\includes\check_expiry_alerts.php(29): mysqli_query(Object(mysqli), '\r\n            S...')
#1 C:\xampp\htdocs\MiniCAB-Controller\includes\check_expiry_alerts.php(49): checkExpiringDocuments(Object(mysqli))
#2 {main}
  thrown in C:\xampp\htdocs\MiniCAB-Controller\includes\check_expiry_alerts.php on line 29
[27-Oct-2025 09:52:56 Europe/London] PHP Fatal error:  Uncaught mysqli_sql_exception: Unknown column 'dl_expiry_time' in 'field list' in C:\xampp\htdocs\MiniCAB-Controller\includes\check_expiry_alerts.php:29
Stack trace:
#0 C:\xampp\htdocs\MiniCAB-Controller\includes\check_expiry_alerts.php(29): mysqli_query(Object(mysqli), '\r\n            S...')
#1 C:\xampp\htdocs\MiniCAB-Controller\includes\check_expiry_alerts.php(49): checkExpiringDocuments(Object(mysqli))
#2 {main}
  thrown in C:\xampp\htdocs\MiniCAB-Controller\includes\check_expiry_alerts.php on line 29
[27-Oct-2025 09:53:06 Europe/London] PHP Fatal error:  Uncaught mysqli_sql_exception: Unknown column 'dl_expiry_time' in 'field list' in C:\xampp\htdocs\MiniCAB-Controller\includes\check_expiry_alerts.php:29
Stack trace:
#0 C:\xampp\htdocs\MiniCAB-Controller\includes\check_expiry_alerts.php(29): mysqli_query(Object(mysqli), '\r\n            S...')
#1 C:\xampp\htdocs\MiniCAB-Controller\includes\check_expiry_alerts.php(49): checkExpiringDocuments(Object(mysqli))
#2 {main}
  thrown in C:\xampp\htdocs\MiniCAB-Controller\includes\check_expiry_alerts.php on line 29
[27-Oct-2025 09:53:16 Europe/London] PHP Fatal error:  Uncaught mysqli_sql_exception: Unknown column 'dl_expiry_time' in 'field list' in C:\xampp\htdocs\MiniCAB-Controller\includes\check_expiry_alerts.php:29
Stack trace:
#0 C:\xampp\htdocs\MiniCAB-Controller\includes\check_expiry_alerts.php(29): mysqli_query(Object(mysqli), '\r\n            S...')
#1 C:\xampp\htdocs\MiniCAB-Controller\includes\check_expiry_alerts.php(49): checkExpiringDocuments(Object(mysqli))
#2 {main}
  thrown in C:\xampp\htdocs\MiniCAB-Controller\includes\check_expiry_alerts.php on line 29
[27-Oct-2025 09:53:26 Europe/London] PHP Fatal error:  Uncaught mysqli_sql_exception: Unknown column 'dl_expiry_time' in 'field list' in C:\xampp\htdocs\MiniCAB-Controller\includes\check_expiry_alerts.php:29
Stack trace:
#0 C:\xampp\htdocs\MiniCAB-Controller\includes\check_expiry_alerts.php(29): mysqli_query(Object(mysqli), '\r\n            S...')
#1 C:\xampp\htdocs\MiniCAB-Controller\includes\check_expiry_alerts.php(49): checkExpiringDocuments(Object(mysqli))
#2 {main}
  thrown in C:\xampp\htdocs\MiniCAB-Controller\includes\check_expiry_alerts.php on line 29
[27-Oct-2025 09:53:36 Europe/London] PHP Fatal error:  Uncaught mysqli_sql_exception: Unknown column 'dl_expiry_time' in 'field list' in C:\xampp\htdocs\MiniCAB-Controller\includes\check_expiry_alerts.php:29
Stack trace:
#0 C:\xampp\htdocs\MiniCAB-Controller\includes\check_expiry_alerts.php(29): mysqli_query(Object(mysqli), '\r\n            S...')
#1 C:\xampp\htdocs\MiniCAB-Controller\includes\check_expiry_alerts.php(49): checkExpiringDocuments(Object(mysqli))
#2 {main}
  thrown in C:\xampp\htdocs\MiniCAB-Controller\includes\check_expiry_alerts.php on line 29
[27-Oct-2025 09:53:46 Europe/London] PHP Fatal error:  Uncaught mysqli_sql_exception: Unknown column 'dl_expiry_time' in 'field list' in C:\xampp\htdocs\MiniCAB-Controller\includes\check_expiry_alerts.php:29
Stack trace:
#0 C:\xampp\htdocs\MiniCAB-Controller\includes\check_expiry_alerts.php(29): mysqli_query(Object(mysqli), '\r\n            S...')
#1 C:\xampp\htdocs\MiniCAB-Controller\includes\check_expiry_alerts.php(49): checkExpiringDocuments(Object(mysqli))
#2 {main}
  thrown in C:\xampp\htdocs\MiniCAB-Controller\includes\check_expiry_alerts.php on line 29
[27-Oct-2025 09:54:16 Europe/London] PHP Fatal error:  Uncaught mysqli_sql_exception: Unknown column 'dl_expiry_time' in 'field list' in C:\xampp\htdocs\MiniCAB-Controller\includes\check_expiry_alerts.php:29
Stack trace:
#0 C:\xampp\htdocs\MiniCAB-Controller\includes\check_expiry_alerts.php(29): mysqli_query(Object(mysqli), '\r\n            S...')
#1 C:\xampp\htdocs\MiniCAB-Controller\includes\check_expiry_alerts.php(49): checkExpiringDocuments(Object(mysqli))
#2 {main}
  thrown in C:\xampp\htdocs\MiniCAB-Controller\includes\check_expiry_alerts.php on line 29
[27-Oct-2025 09:54:26 Europe/London] PHP Fatal error:  Uncaught mysqli_sql_exception: Unknown column 'dl_expiry_time' in 'field list' in C:\xampp\htdocs\MiniCAB-Controller\includes\check_expiry_alerts.php:29
Stack trace:
#0 C:\xampp\htdocs\MiniCAB-Controller\includes\check_expiry_alerts.php(29): mysqli_query(Object(mysqli), '\r\n            S...')
#1 C:\xampp\htdocs\MiniCAB-Controller\includes\check_expiry_alerts.php(49): checkExpiringDocuments(Object(mysqli))
#2 {main}
  thrown in C:\xampp\htdocs\MiniCAB-Controller\includes\check_expiry_alerts.php on line 29
[28-Oct-2025 05:28:33 Europe/London] PHP Fatal error:  Uncaught mysqli_sql_exception: Unknown column 'dl_expiry_time' in 'field list' in C:\xampp\htdocs\MiniCAB-Controller\includes\check_expiry_alerts.php:29
Stack trace:
#0 C:\xampp\htdocs\MiniCAB-Controller\includes\check_expiry_alerts.php(29): mysqli_query(Object(mysqli), '\r\n            S...')
#1 C:\xampp\htdocs\MiniCAB-Controller\includes\check_expiry_alerts.php(49): checkExpiringDocuments(Object(mysqli))
#2 {main}
  thrown in C:\xampp\htdocs\MiniCAB-Controller\includes\check_expiry_alerts.php on line 29
[28-Oct-2025 05:28:42 Europe/London] PHP Fatal error:  Uncaught mysqli_sql_exception: Unknown column 'dl_expiry_time' in 'field list' in C:\xampp\htdocs\MiniCAB-Controller\includes\check_expiry_alerts.php:29
Stack trace:
#0 C:\xampp\htdocs\MiniCAB-Controller\includes\check_expiry_alerts.php(29): mysqli_query(Object(mysqli), '\r\n            S...')
#1 C:\xampp\htdocs\MiniCAB-Controller\includes\check_expiry_alerts.php(49): checkExpiringDocuments(Object(mysqli))
#2 {main}
  thrown in C:\xampp\htdocs\MiniCAB-Controller\includes\check_expiry_alerts.php on line 29
[28-Oct-2025 08:41:05 Europe/London] PHP Fatal error:  Uncaught mysqli_sql_exception: Unknown column 'dl_expiry_time' in 'field list' in C:\xampp\htdocs\MiniCAB-Controller\includes\check_expiry_alerts.php:29
Stack trace:
#0 C:\xampp\htdocs\MiniCAB-Controller\includes\check_expiry_alerts.php(29): mysqli_query(Object(mysqli), '\r\n            S...')
#1 C:\xampp\htdocs\MiniCAB-Controller\includes\check_expiry_alerts.php(49): checkExpiringDocuments(Object(mysqli))
#2 {main}
  thrown in C:\xampp\htdocs\MiniCAB-Controller\includes\check_expiry_alerts.php on line 29
